<?xml version="1.0" encoding="UTF-8"?>
<testng-results ignored="0" total="2" passed="2" failed="0" skipped="0">
  <reporter-output>
  </reporter-output>
  <suite started-at="2022-11-27T00:05:35 IST" name="Default suite" finished-at="2022-11-27T00:05:56 IST" duration-ms="20777">
    <groups>
    </groups>
    <test started-at="2022-11-27T00:05:35 IST" name="Default test" finished-at="2022-11-27T00:05:56 IST" duration-ms="20777">
      <class name="test.TestClass">
        <test-method is-config="true" signature="initializeChrome()[pri:0, instance:test.TestClass@3527942a]" started-at="2022-11-27T00:05:36 IST" name="initializeChrome" finished-at="2022-11-27T00:05:44 IST" duration-ms="8533" status="PASS">
          <reporter-output>
          </reporter-output>
        </test-method> <!-- initializeChrome -->
        <test-method signature="searchGoogle()[pri:0, instance:test.TestClass@3527942a]" started-at="2022-11-27T00:05:44 IST" name="searchGoogle" finished-at="2022-11-27T00:05:54 IST" duration-ms="9997" status="PASS">
          <reporter-output>
          </reporter-output>
        </test-method> <!-- searchGoogle -->
        <test-method signature="website()[pri:0, instance:test.TestClass@3527942a]" started-at="2022-11-27T00:05:54 IST" name="website" finished-at="2022-11-27T00:05:56 IST" depends-on-methods="test.TestClass.searchGoogle" duration-ms="2133" status="PASS">
          <reporter-output>
          </reporter-output>
        </test-method> <!-- website -->
      </class> <!-- test.TestClass -->
    </test> <!-- Default test -->
  </suite> <!-- Default suite -->
</testng-results>
